<?xml version="1.0" encoding="UTF-8"?>
<testsuite xmlns:xsi="http://www.w3.org/2001/XMLSchema-instance" xsi:noNamespaceSchemaLocation="https://maven.apache.org/surefire/maven-surefire-plugin/xsd/surefire-test-report-3.0.xsd" version="3.0" name="com.ivan.communitymanagementsys.CommunityManagementSysApplicationTests" time="8.12" tests="4" errors="0" skipped="0" failures="0">
  <properties>
[...]
</properties>
  <testcase name="testMd5" classname="com.ivan.communitymanagementsys.CommunityManagementSysApplicationTests" time="1.126">
    <system-out><![CDATA[19:49:23.082 [main] INFO org.springframework.test.context.support.AnnotationConfigContextLoaderUtils -- Could not detect default configuration classes for test class [com.ivan.communitymanagementsys.CommunityManagementSysApplicationTests]: CommunityManagementSysApplicationTests does not declare any static, non-private, non-final, nested classes annotated with @Configuration.
19:49:23.246 [main] INFO org.springframework.boot.test.context.SpringBootTestContextBootstrapper -- Found @SpringBootConfiguration com.ivan.communitymanagementsys.CommunityManagementSysApplication for test class com.ivan.communitymanagementsys.CommunityManagementSysApplicationTests

  .   ____          _            __ _ _
 /\\ / ___'_ __ _ _(_)_ __  __ _ \ \ \ \
( ( )\___ | '_ | '_| | '_ \/ _` | \ \ \ \
 \\/  ___)| |_)| | | | | || (_| |  ) ) ) )
  '  |____| .__|_| |_|_| |_\__, | / / / /
 =========|_|==============|___/=/_/_/_/
 :: Spring Boot ::                (v3.2.3)

2024-04-25T19:49:23.958+08:00  INFO 20188 --- [           main] c.CommunityManagementSysApplicationTests : Starting CommunityManagementSysApplicationTests using Java 19.0.2 with PID 20188 (started by ivan's小新 in C:\Users\ivan's小新\Desktop\Study\大三下\软件工程综合实验\CommunityManagementSystem\BackEndCode\CommunityManagementSys)
2024-04-25T19:49:23.959+08:00  INFO 20188 --- [           main] c.CommunityManagementSysApplicationTests : No active profile set, falling back to 1 default profile: "default"
2024-04-25T19:49:27.126+08:00  INFO 20188 --- [           main] c.i.c.config.WebMvcConfiguration         : 开始注册自定义拦截器...
2024-04-25T19:49:29.061+08:00  INFO 20188 --- [           main] c.CommunityManagementSysApplicationTests : Started CommunityManagementSysApplicationTests in 5.551 seconds (process running for 6.993)
e10adc3949ba59abbe56e057f20f883e
]]></system-out>
  </testcase>
  <testcase name="testPOI" classname="com.ivan.communitymanagementsys.CommunityManagementSysApplicationTests" time="0.539"/>
  <testcase name="contextLoads" classname="com.ivan.communitymanagementsys.CommunityManagementSysApplicationTests" time="0.004"/>
  <testcase name="testGenJwt" classname="com.ivan.communitymanagementsys.CommunityManagementSysApplicationTests" time="0.169">
    <system-out><![CDATA[eyJhbGciOiJIUzI1NiJ9.eyJuYW1lIjoiaXZhbiIsImlkIjoxLCJleHAiOjE3MTQwNDkzNzB9.VnbKGzUL9P0Dic21iSHAnLhIAj26lW4t9BX6BsIdAKI
]]></system-out>
  </testcase>
</testsuite>